<?xml version="1.0" encoding="UTF-8"?>
<!-- Generated by org.testng.reporters.JUnitXMLReporter -->
<testsuite ignored="3" hostname="war-machine" failures="0" tests="4" name="Command line test" time="20.221" errors="0" timestamp="2023-10-11T22:31:23 KGT">
  <testcase classname="com.automation.tests.CreateTutorialTest" name="testCreateTutorial" time="0.057"/>
  <testcase classname="com.automation.tests.DeleteTutorialTest" name="testDeleteTutorial" time="0.0"/>
  <testcase classname="com.automation.tests.RetrieveTutorialTest" name="testRetrieveTutorial" time="0.329"/>
  <testcase classname="com.automation.tests.UpdateTutorialTest" name="testUpdateTutorial" time="0.628"/>
  <testcase classname="com.automation.tests.BaseTest" name="@AfterTest tearDown" time="0.0">
    <ignored/>
  </testcase> <!-- @AfterTest tearDown -->
  <testcase classname="com.automation.tests.BaseTest" name="@AfterTest tearDown" time="0.0">
    <ignored/>
  </testcase> <!-- @AfterTest tearDown -->
  <testcase classname="com.automation.tests.BaseTest" name="@AfterTest tearDown" time="0.0">
    <ignored/>
  </testcase> <!-- @AfterTest tearDown -->
</testsuite> <!-- Command line test -->
