<?xml version="1.0" encoding="UTF-8"?>
<testng-results ignored="0" total="4" passed="4" failed="0" skipped="0">
  <reporter-output>
  </reporter-output>
  <suite started-at="2023-10-11T22:31:03 KGT" name="Command line suite" finished-at="2023-10-11T22:31:23 KGT" duration-ms="20221">
    <groups>
    </groups>
    <test started-at="2023-10-11T22:31:03 KGT" name="Command line test" finished-at="2023-10-11T22:31:23 KGT" duration-ms="20221">
      <class name="com.automation.tests.RetrieveTutorialTest">
        <test-method is-config="true" signature="setUp()[pri:0, instance:com.automation.tests.RetrieveTutorialTest@52525845]" started-at="2023-10-11T22:31:13 KGT" name="setUp" finished-at="2023-10-11T22:31:17 KGT" duration-ms="3972" status="PASS">
          <reporter-output>
          </reporter-output>
        </test-method> <!-- setUp -->
        <test-method signature="testRetrieveTutorial()[pri:0, instance:com.automation.tests.RetrieveTutorialTest@52525845]" started-at="2023-10-11T22:31:17 KGT" name="testRetrieveTutorial" finished-at="2023-10-11T22:31:17 KGT" duration-ms="329" status="PASS">
          <reporter-output>
          </reporter-output>
        </test-method> <!-- testRetrieveTutorial -->
      </class> <!-- com.automation.tests.RetrieveTutorialTest -->
      <class name="com.automation.tests.UpdateTutorialTest">
        <test-method is-config="true" signature="setUp()[pri:0, instance:com.automation.tests.UpdateTutorialTest@3b94d659]" started-at="2023-10-11T22:31:17 KGT" name="setUp" finished-at="2023-10-11T22:31:21 KGT" duration-ms="4584" status="PASS">
          <reporter-output>
          </reporter-output>
        </test-method> <!-- setUp -->
        <test-method signature="testUpdateTutorial()[pri:0, instance:com.automation.tests.UpdateTutorialTest@3b94d659]" started-at="2023-10-11T22:31:21 KGT" name="testUpdateTutorial" finished-at="2023-10-11T22:31:22 KGT" duration-ms="628" status="PASS">
          <reporter-output>
          </reporter-output>
        </test-method> <!-- testUpdateTutorial -->
      </class> <!-- com.automation.tests.UpdateTutorialTest -->
      <class name="com.automation.tests.DeleteTutorialTest">
        <test-method is-config="true" signature="setUp()[pri:0, instance:com.automation.tests.DeleteTutorialTest@5123a213]" started-at="2023-10-11T22:31:09 KGT" name="setUp" finished-at="2023-10-11T22:31:13 KGT" duration-ms="4022" status="PASS">
          <reporter-output>
          </reporter-output>
        </test-method> <!-- setUp -->
        <test-method signature="testDeleteTutorial()[pri:0, instance:com.automation.tests.DeleteTutorialTest@5123a213]" started-at="2023-10-11T22:31:13 KGT" name="testDeleteTutorial" finished-at="2023-10-11T22:31:13 KGT" duration-ms="0" status="PASS">
          <reporter-output>
          </reporter-output>
        </test-method> <!-- testDeleteTutorial -->
      </class> <!-- com.automation.tests.DeleteTutorialTest -->
      <class name="com.automation.tests.CreateTutorialTest">
        <test-method is-config="true" signature="setUp()[pri:0, instance:com.automation.tests.CreateTutorialTest@5d11346a]" started-at="2023-10-11T22:31:03 KGT" name="setUp" finished-at="2023-10-11T22:31:08 KGT" duration-ms="5218" status="PASS">
          <reporter-output>
          </reporter-output>
        </test-method> <!-- setUp -->
        <test-method signature="testCreateTutorial()[pri:0, instance:com.automation.tests.CreateTutorialTest@5d11346a]" started-at="2023-10-11T22:31:08 KGT" name="testCreateTutorial" finished-at="2023-10-11T22:31:09 KGT" duration-ms="57" status="PASS">
          <reporter-output>
          </reporter-output>
        </test-method> <!-- testCreateTutorial -->
        <test-method is-config="true" signature="tearDown()[pri:0, instance:com.automation.tests.CreateTutorialTest@5d11346a]" started-at="2023-10-11T22:31:22 KGT" name="tearDown" finished-at="2023-10-11T22:31:23 KGT" duration-ms="1366" status="PASS">
          <reporter-output>
          </reporter-output>
        </test-method> <!-- tearDown -->
      </class> <!-- com.automation.tests.CreateTutorialTest -->
    </test> <!-- Command line test -->
  </suite> <!-- Command line suite -->
</testng-results>
